# JRE version: Java(TM) SE Runtime Environment (8.0_211-b12) (build 1.8.0_211-b12)
# Java VM: Java HotSpot(TM) 64-Bit Server VM (25.211-b12 mixed mode windows-amd64 compressed oops)
Heap:
 PSYoungGen      total 14848K, used 5148K [0x00000000feb00000, 0x0000000100000000, 0x0000000100000000)
  eden space 8704K, 43% used [0x00000000feb00000,0x00000000feeaf3f0,0x00000000ff380000)
  from space 6144K, 22% used [0x00000000ff380000,0x00000000ff4d8000,0x00000000ff980000)
  to   space 6144K, 0% used [0x00000000ffa00000,0x00000000ffa00000,0x0000000100000000)
 ParOldGen       total 44032K, used 13106K [0x00000000fc000000, 0x00000000feb00000, 0x00000000feb00000)
  object space 44032K, 29% used [0x00000000fc000000,0x00000000fcccc840,0x00000000feb00000)
 Metaspace       used 12669K, capacity 12938K, committed 13312K, reserved 1060864K
  class space    used 1631K, capacity 1737K, committed 1792K, reserved 1048576K
GC Heap History (10 events):
Event: 139.661 GC heap before
{Heap before GC invocations=13 (full 0):
 PSYoungGen      total 14848K, used 9440K [0x00000000feb00000, 0x0000000100000000, 0x0000000100000000)
  eden space 8192K, 100% used [0x00000000feb00000,0x00000000ff300000,0x00000000ff300000)
  from space 6656K, 18% used [0x00000000ff980000,0x00000000ffab8000,0x0000000100000000)
  to   space 6656K, 0% used [0x00000000ff300000,0x00000000ff300000,0x00000000ff980000)
 ParOldGen       total 44032K, used 13034K [0x00000000fc000000, 0x00000000feb00000, 0x00000000feb00000)
  object space 44032K, 29% used [0x00000000fc000000,0x00000000fccba840,0x00000000feb00000)
 Metaspace       used 12547K, capacity 12810K, committed 13056K, reserved 1060864K
  class space    used 1620K, capacity 1737K, committed 1792K, reserved 1048576K
Event: 139.663 GC heap after
Heap after GC invocations=13 (full 0):
 PSYoungGen      total 14848K, used 1344K [0x00000000feb00000, 0x0000000100000000, 0x0000000100000000)
  eden space 8192K, 0% used [0x00000000feb00000,0x00000000feb00000,0x00000000ff300000)
  from space 6656K, 20% used [0x00000000ff300000,0x00000000ff450000,0x00000000ff980000)
  to   space 6656K, 0% used [0x00000000ff980000,0x00000000ff980000,0x0000000100000000)
 ParOldGen       total 44032K, used 13050K [0x00000000fc000000, 0x00000000feb00000, 0x00000000feb00000)
  object space 44032K, 29% used [0x00000000fc000000,0x00000000fccbe840,0x00000000feb00000)
 Metaspace       used 12547K, capacity 12810K, committed 13056K, reserved 1060864K
  class space    used 1620K, capacity 1737K, committed 1792K, reserved 1048576K
}
Event: 149.519 GC heap before
{Heap before GC invocations=14 (full 0):
 PSYoungGen      total 14848K, used 9536K [0x00000000feb00000, 0x0000000100000000, 0x0000000100000000)
  eden space 8192K, 100% used [0x00000000feb00000,0x00000000ff300000,0x00000000ff300000)
  from space 6656K, 20% used [0x00000000ff300000,0x00000000ff450000,0x00000000ff980000)
  to   space 6656K, 0% used [0x00000000ff980000,0x00000000ff980000,0x0000000100000000)
 ParOldGen       total 44032K, used 13050K [0x00000000fc000000, 0x00000000feb00000, 0x00000000feb00000)
  object space 44032K, 29% used [0x00000000fc000000,0x00000000fccbe840,0x00000000feb00000)
 Metaspace       used 12554K, capacity 12810K, committed 13056K, reserved 1060864K
  class space    used 1620K, capacity 1737K, committed 1792K, reserved 1048576K
Event: 149.526 GC heap after
Heap after GC invocations=14 (full 0):
 PSYoungGen      total 14848K, used 1376K [0x00000000feb00000, 0x0000000100000000, 0x0000000100000000)
  eden space 8192K, 0% used [0x00000000feb00000,0x00000000feb00000,0x00000000ff300000)
  from space 6656K, 20% used [0x00000000ff980000,0x00000000ffad8000,0x0000000100000000)
  to   space 6656K, 0% used [0x00000000ff300000,0x00000000ff300000,0x00000000ff980000)
 ParOldGen       total 44032K, used 13066K [0x00000000fc000000, 0x00000000feb00000, 0x00000000feb00000)
  object space 44032K, 29% used [0x00000000fc000000,0x00000000fccc2840,0x00000000feb00000)
 Metaspace       used 12554K, capacity 12810K, committed 13056K, reserved 1060864K
  class space    used 1620K, capacity 1737K, committed 1792K, reserved 1048576K
}
Event: 167.029 GC heap before
{Heap before GC invocations=15 (full 0):
 PSYoungGen      total 14848K, used 9568K [0x00000000feb00000, 0x0000000100000000, 0x0000000100000000)
  eden space 8192K, 100% used [0x00000000feb00000,0x00000000ff300000,0x00000000ff300000)
  from space 6656K, 20% used [0x00000000ff980000,0x00000000ffad8000,0x0000000100000000)
  to   space 6656K, 0% used [0x00000000ff300000,0x00000000ff300000,0x00000000ff980000)
 ParOldGen       total 44032K, used 13066K [0x00000000fc000000, 0x00000000feb00000, 0x00000000feb00000)
  object space 44032K, 29% used [0x00000000fc000000,0x00000000fccc2840,0x00000000feb00000)
 Metaspace       used 12561K, capacity 12874K, committed 13056K, reserved 1060864K
  class space    used 1620K, capacity 1737K, committed 1792K, reserved 1048576K
Event: 167.037 GC heap after
Heap after GC invocations=15 (full 0):
 PSYoungGen      total 14848K, used 1376K [0x00000000feb00000, 0x0000000100000000, 0x0000000100000000)
  eden space 8192K, 0% used [0x00000000feb00000,0x00000000feb00000,0x00000000ff300000)
  from space 6656K, 20% used [0x00000000ff300000,0x00000000ff458000,0x00000000ff980000)
  to   space 6656K, 0% used [0x00000000ff980000,0x00000000ff980000,0x0000000100000000)
 ParOldGen       total 44032K, used 13074K [0x00000000fc000000, 0x00000000feb00000, 0x00000000feb00000)
  object space 44032K, 29% used [0x00000000fc000000,0x00000000fccc4840,0x00000000feb00000)
 Metaspace       used 12561K, capacity 12874K, committed 13056K, reserved 1060864K
  class space    used 1620K, capacity 1737K, committed 1792K, reserved 1048576K
}
Event: 180.254 GC heap before
{Heap before GC invocations=16 (full 0):
 PSYoungGen      total 14848K, used 9568K [0x00000000feb00000, 0x0000000100000000, 0x0000000100000000)
  eden space 8192K, 100% used [0x00000000feb00000,0x00000000ff300000,0x00000000ff300000)
  from space 6656K, 20% used [0x00000000ff300000,0x00000000ff458000,0x00000000ff980000)
  to   space 6656K, 0% used [0x00000000ff980000,0x00000000ff980000,0x0000000100000000)
 ParOldGen       total 44032K, used 13074K [0x00000000fc000000, 0x00000000feb00000, 0x00000000feb00000)
  object space 44032K, 29% used [0x00000000fc000000,0x00000000fccc4840,0x00000000feb00000)
 Metaspace       used 12574K, capacity 12874K, committed 13056K, reserved 1060864K
  class space    used 1620K, capacity 1737K, committed 1792K, reserved 1048576K
Event: 180.257 GC heap after
Heap after GC invocations=16 (full 0):
 PSYoungGen      total 15360K, used 1312K [0x00000000feb00000, 0x0000000100000000, 0x0000000100000000)
  eden space 8704K, 0% used [0x00000000feb00000,0x00000000feb00000,0x00000000ff380000)
  from space 6656K, 19% used [0x00000000ff980000,0x00000000ffac8000,0x0000000100000000)
  to   space 6144K, 0% used [0x00000000ff380000,0x00000000ff380000,0x00000000ff980000)
 ParOldGen       total 44032K, used 13090K [0x00000000fc000000, 0x00000000feb00000, 0x00000000feb00000)
  object space 44032K, 29% used [0x00000000fc000000,0x00000000fccc8840,0x00000000feb00000)
 Metaspace       used 12574K, capacity 12874K, committed 13056K, reserved 1060864K
  class space    used 1620K, capacity 1737K, committed 1792K, reserved 1048576K
}
Event: 197.210 GC heap before
{Heap before GC invocations=17 (full 0):
 PSYoungGen      total 15360K, used 10016K [0x00000000feb00000, 0x0000000100000000, 0x0000000100000000)
  eden space 8704K, 100% used [0x00000000feb00000,0x00000000ff380000,0x00000000ff380000)
  from space 6656K, 19% used [0x00000000ff980000,0x00000000ffac8000,0x0000000100000000)
  to   space 6144K, 0% used [0x00000000ff380000,0x00000000ff380000,0x00000000ff980000)
 ParOldGen       total 44032K, used 13090K [0x00000000fc000000, 0x00000000feb00000, 0x00000000feb00000)
  object space 44032K, 29% used [0x00000000fc000000,0x00000000fccc8840,0x00000000feb00000)
 Metaspace       used 12596K, capacity 12938K, committed 13312K, reserved 1060864K
  class space    used 1620K, capacity 1737K, committed 1792K, reserved 1048576K
Event: 197.213 GC heap after
Heap after GC invocations=17 (full 0):
 PSYoungGen      total 14848K, used 1376K [0x00000000feb00000, 0x0000000100000000, 0x0000000100000000)
  eden space 8704K, 0% used [0x00000000feb00000,0x00000000feb00000,0x00000000ff380000)
  from space 6144K, 22% used [0x00000000ff380000,0x00000000ff4d8000,0x00000000ff980000)
  to   space 6144K, 0% used [0x00000000ffa00000,0x00000000ffa00000,0x0000000100000000)
 ParOldGen       total 44032K, used 13106K [0x00000000fc000000, 0x00000000feb00000, 0x00000000feb00000)
  object space 44032K, 29% used [0x00000000fc000000,0x00000000fcccc840,0x00000000feb00000)
 Metaspace       used 12596K, capacity 12938K, committed 13312K, reserved 1060864K
  class space    used 1620K, capacity 1737K, committed 1792K, reserved 1048576K
}

