# JRE version: Java(TM) SE Runtime Environment (8.0_211-b12) (build 1.8.0_211-b12)
# Java VM: Java HotSpot(TM) 64-Bit Server VM (25.211-b12 mixed mode windows-amd64 compressed oops)
Heap:
 PSYoungGen      total 109568K, used 32437K [0x00000000f5580000, 0x00000000ff280000, 0x0000000100000000)
  eden space 96768K, 25% used [0x00000000f5580000,0x00000000f6da84f0,0x00000000fb400000)
  from space 12800K, 60% used [0x00000000fb400000,0x00000000fbb850b0,0x00000000fc080000)
  to   space 12800K, 0% used [0x00000000fe600000,0x00000000fe600000,0x00000000ff280000)
 ParOldGen       total 175104K, used 17613K [0x00000000e0000000, 0x00000000eab00000, 0x00000000f5580000)
  object space 175104K, 10% used [0x00000000e0000000,0x00000000e1133718,0x00000000eab00000)
 Metaspace       used 40464K, capacity 42010K, committed 42112K, reserved 1085440K
  class space    used 5579K, capacity 5921K, committed 6016K, reserved 1048576K
GC Heap History (10 events):
Event: 5.983 GC heap before
{Heap before GC invocations=5 (full 1):
 PSYoungGen      total 76288K, used 8110K [0x00000000f5580000, 0x00000000fea80000, 0x0000000100000000)
  eden space 65536K, 0% used [0x00000000f5580000,0x00000000f5580000,0x00000000f9580000)
  from space 10752K, 75% used [0x00000000fa000000,0x00000000fa7eb9c8,0x00000000faa80000)
  to   space 10752K, 0% used [0x00000000f9580000,0x00000000f9580000,0x00000000fa000000)
 ParOldGen       total 175104K, used 615K [0x00000000e0000000, 0x00000000eab00000, 0x00000000f5580000)
  object space 175104K, 0% used [0x00000000e0000000,0x00000000e0099f90,0x00000000eab00000)
 Metaspace       used 20502K, capacity 21102K, committed 21296K, reserved 1067008K
  class space    used 3010K, capacity 3171K, committed 3200K, reserved 1048576K
Event: 6.064 GC heap after
Heap after GC invocations=5 (full 1):
 PSYoungGen      total 76288K, used 0K [0x00000000f5580000, 0x00000000fea80000, 0x0000000100000000)
  eden space 65536K, 0% used [0x00000000f5580000,0x00000000f5580000,0x00000000f9580000)
  from space 10752K, 0% used [0x00000000fa000000,0x00000000fa000000,0x00000000faa80000)
  to   space 10752K, 0% used [0x00000000f9580000,0x00000000f9580000,0x00000000fa000000)
 ParOldGen       total 175104K, used 7984K [0x00000000e0000000, 0x00000000eab00000, 0x00000000f5580000)
  object space 175104K, 4% used [0x00000000e0000000,0x00000000e07cc368,0x00000000eab00000)
 Metaspace       used 20502K, capacity 21102K, committed 21296K, reserved 1067008K
  class space    used 3010K, capacity 3171K, committed 3200K, reserved 1048576K
}
Event: 7.395 GC heap before
{Heap before GC invocations=6 (full 1):
 PSYoungGen      total 76288K, used 65536K [0x00000000f5580000, 0x00000000fea80000, 0x0000000100000000)
  eden space 65536K, 100% used [0x00000000f5580000,0x00000000f9580000,0x00000000f9580000)
  from space 10752K, 0% used [0x00000000fa000000,0x00000000fa000000,0x00000000faa80000)
  to   space 10752K, 0% used [0x00000000f9580000,0x00000000f9580000,0x00000000fa000000)
 ParOldGen       total 175104K, used 7984K [0x00000000e0000000, 0x00000000eab00000, 0x00000000f5580000)
  object space 175104K, 4% used [0x00000000e0000000,0x00000000e07cc368,0x00000000eab00000)
 Metaspace       used 28827K, capacity 29588K, committed 29696K, reserved 1075200K
  class space    used 4107K, capacity 4314K, committed 4352K, reserved 1048576K
Event: 7.404 GC heap after
Heap after GC invocations=6 (full 1):
 PSYoungGen      total 76288K, used 8263K [0x00000000f5580000, 0x00000000fcd80000, 0x0000000100000000)
  eden space 65536K, 0% used [0x00000000f5580000,0x00000000f5580000,0x00000000f9580000)
  from space 10752K, 76% used [0x00000000f9580000,0x00000000f9d91c08,0x00000000fa000000)
  to   space 11776K, 0% used [0x00000000fc200000,0x00000000fc200000,0x00000000fcd80000)
 ParOldGen       total 175104K, used 7992K [0x00000000e0000000, 0x00000000eab00000, 0x00000000f5580000)
  object space 175104K, 4% used [0x00000000e0000000,0x00000000e07ce368,0x00000000eab00000)
 Metaspace       used 28827K, capacity 29588K, committed 29696K, reserved 1075200K
  class space    used 4107K, capacity 4314K, committed 4352K, reserved 1048576K
}
Event: 10.199 GC heap before
{Heap before GC invocations=7 (full 1):
 PSYoungGen      total 76288K, used 73508K [0x00000000f5580000, 0x00000000fcd80000, 0x0000000100000000)
  eden space 65536K, 99% used [0x00000000f5580000,0x00000000f95375e8,0x00000000f9580000)
  from space 10752K, 76% used [0x00000000f9580000,0x00000000f9d91c08,0x00000000fa000000)
  to   space 11776K, 0% used [0x00000000fc200000,0x00000000fc200000,0x00000000fcd80000)
 ParOldGen       total 175104K, used 7992K [0x00000000e0000000, 0x00000000eab00000, 0x00000000f5580000)
  object space 175104K, 4% used [0x00000000e0000000,0x00000000e07ce368,0x00000000eab00000)
 Metaspace       used 34412K, capacity 35416K, committed 35456K, reserved 1079296K
  class space    used 4710K, capacity 4976K, committed 4992K, reserved 1048576K
Event: 10.215 GC heap after
Heap after GC invocations=7 (full 1):
 PSYoungGen      total 107520K, used 11082K [0x00000000f5580000, 0x00000000fcd00000, 0x0000000100000000)
  eden space 96256K, 0% used [0x00000000f5580000,0x00000000f5580000,0x00000000fb380000)
  from space 11264K, 98% used [0x00000000fc200000,0x00000000fccd2b78,0x00000000fcd00000)
  to   space 12800K, 0% used [0x00000000fb400000,0x00000000fb400000,0x00000000fc080000)
 ParOldGen       total 175104K, used 8000K [0x00000000e0000000, 0x00000000eab00000, 0x00000000f5580000)
  object space 175104K, 4% used [0x00000000e0000000,0x00000000e07d0368,0x00000000eab00000)
 Metaspace       used 34412K, capacity 35416K, committed 35456K, reserved 1079296K
  class space    used 4710K, capacity 4976K, committed 4992K, reserved 1048576K
}
Event: 10.215 GC heap before
{Heap before GC invocations=8 (full 2):
 PSYoungGen      total 107520K, used 11082K [0x00000000f5580000, 0x00000000fcd00000, 0x0000000100000000)
  eden space 96256K, 0% used [0x00000000f5580000,0x00000000f5580000,0x00000000fb380000)
  from space 11264K, 98% used [0x00000000fc200000,0x00000000fccd2b78,0x00000000fcd00000)
  to   space 12800K, 0% used [0x00000000fb400000,0x00000000fb400000,0x00000000fc080000)
 ParOldGen       total 175104K, used 8000K [0x00000000e0000000, 0x00000000eab00000, 0x00000000f5580000)
  object space 175104K, 4% used [0x00000000e0000000,0x00000000e07d0368,0x00000000eab00000)
 Metaspace       used 34412K, capacity 35416K, committed 35456K, reserved 1079296K
  class space    used 4710K, capacity 4976K, committed 4992K, reserved 1048576K
Event: 10.296 GC heap after
Heap after GC invocations=8 (full 2):
 PSYoungGen      total 107520K, used 0K [0x00000000f5580000, 0x00000000fcd00000, 0x0000000100000000)
  eden space 96256K, 0% used [0x00000000f5580000,0x00000000f5580000,0x00000000fb380000)
  from space 11264K, 0% used [0x00000000fc200000,0x00000000fc200000,0x00000000fcd00000)
  to   space 12800K, 0% used [0x00000000fb400000,0x00000000fb400000,0x00000000fc080000)
 ParOldGen       total 175104K, used 17605K [0x00000000e0000000, 0x00000000eab00000, 0x00000000f5580000)
  object space 175104K, 10% used [0x00000000e0000000,0x00000000e1131718,0x00000000eab00000)
 Metaspace       used 34408K, capacity 35410K, committed 35456K, reserved 1079296K
  class space    used 4709K, capacity 4974K, committed 4992K, reserved 1048576K
}
Event: 11.512 GC heap before
{Heap before GC invocations=9 (full 2):
 PSYoungGen      total 107520K, used 96256K [0x00000000f5580000, 0x00000000fcd00000, 0x0000000100000000)
  eden space 96256K, 100% used [0x00000000f5580000,0x00000000fb380000,0x00000000fb380000)
  from space 11264K, 0% used [0x00000000fc200000,0x00000000fc200000,0x00000000fcd00000)
  to   space 12800K, 0% used [0x00000000fb400000,0x00000000fb400000,0x00000000fc080000)
 ParOldGen       total 175104K, used 17605K [0x00000000e0000000, 0x00000000eab00000, 0x00000000f5580000)
  object space 175104K, 10% used [0x00000000e0000000,0x00000000e1131718,0x00000000eab00000)
 Metaspace       used 39452K, capacity 40808K, committed 40960K, reserved 1085440K
  class space    used 5437K, capacity 5792K, committed 5888K, reserved 1048576K
Event: 11.523 GC heap after
Heap after GC invocations=9 (full 2):
 PSYoungGen      total 109568K, used 7700K [0x00000000f5580000, 0x00000000ff280000, 0x0000000100000000)
  eden space 96768K, 0% used [0x00000000f5580000,0x00000000f5580000,0x00000000fb400000)
  from space 12800K, 60% used [0x00000000fb400000,0x00000000fbb850b0,0x00000000fc080000)
  to   space 12800K, 0% used [0x00000000fe600000,0x00000000fe600000,0x00000000ff280000)
 ParOldGen       total 175104K, used 17613K [0x00000000e0000000, 0x00000000eab00000, 0x00000000f5580000)
  object space 175104K, 10% used [0x00000000e0000000,0x00000000e1133718,0x00000000eab00000)
 Metaspace       used 39452K, capacity 40808K, committed 40960K, reserved 1085440K
  class space    used 5437K, capacity 5792K, committed 5888K, reserved 1048576K
}

